Using pre-set license
Built from '2020.3/staging' branch; Version is '2020.3.0f1 (c7b5465681fb) revision 13088070'; Using compiler version '192528614'; Build Type 'Release'
OS: 'Windows 10 Home; OS build 19042.985; Version 2009; 64bit' Language: 'en' Physical Memory: 16313 MB
BatchMode: 1, IsHumanControllingUs: 0, StartBugReporterOnCrash: 0, Is64bit: 1, IsPro: 0

 COMMAND LINE ARGUMENTS:
C:\Program Files\Unity\Hub\Editor\2020.3.0f1\Editor\Unity.exe
-adb2
-batchMode
-noUpm
-name
AssetImportWorker0
-projectPath
S:/Projects/CubicVoxelToolset/3D-Cubic-Voxel-Toolset/Cubic Voxel Toolset
-logFile
Logs/AssetImportWorker0.log
-srvPort
53647
Successfully changed project path to: S:/Projects/CubicVoxelToolset/3D-Cubic-Voxel-Toolset/Cubic Voxel Toolset
S:/Projects/CubicVoxelToolset/3D-Cubic-Voxel-Toolset/Cubic Voxel Toolset
Using Asset Import Pipeline V2.
Refreshing native plugins compatible for Editor in 23.71 ms, found 0 plugins.
Preloading 0 native plugins for Editor in 0.00 ms.
Initialize engine version: 2020.3.0f1 (c7b5465681fb)
[Subsystems] Discovering subsystems at path C:/Program Files/Unity/Hub/Editor/2020.3.0f1/Editor/Data/Resources/UnitySubsystems
[Subsystems] Discovering subsystems at path S:/Projects/CubicVoxelToolset/3D-Cubic-Voxel-Toolset/Cubic Voxel Toolset/Assets
GfxDevice: creating device client; threaded=0
Direct3D:
    Version:  Direct3D 11.0 [level 11.1]
    Renderer: NVIDIA GeForce GTX 1070 (ID=0x1b81)
    Vendor:   
    VRAM:     8088 MB
    Driver:   27.21.14.6627
Initialize mono
Mono path[0] = 'C:/Program Files/Unity/Hub/Editor/2020.3.0f1/Editor/Data/Managed'
Mono path[1] = 'C:/Program Files/Unity/Hub/Editor/2020.3.0f1/Editor/Data/MonoBleedingEdge/lib/mono/unityjit'
Mono config path = 'C:/Program Files/Unity/Hub/Editor/2020.3.0f1/Editor/Data/MonoBleedingEdge/etc'
Using monoOptions --debugger-agent=transport=dt_socket,embedding=1,server=y,suspend=n,address=127.0.0.1:56052
Begin MonoManager ReloadAssembly
Registering precompiled unity dll's ...
Register platform support module: C:/Program Files/Unity/Hub/Editor/2020.3.0f1/Editor/Data/PlaybackEngines/WindowsStandaloneSupport/UnityEditor.WindowsStandalone.Extensions.dll
Registered in 0.002124 seconds.
Native extension for WindowsStandalone target not found
Refreshing native plugins compatible for Editor in 22.21 ms, found 0 plugins.
Preloading 0 native plugins for Editor in 0.00 ms.
Invoked RoslynAnalysisRunner static constructor.
RoslynAnalysisRunner will not be running.
RoslynAnalysisRunner has terminated.
Mono: successfully reloaded assembly
- Completed reload, in  1.006 seconds
Platform modules already initialized, skipping
Registering precompiled user dll's ...
Registered in 0.000646 seconds.
Begin MonoManager ReloadAssembly
Native extension for WindowsStandalone target not found
Refreshing native plugins compatible for Editor in 0.18 ms, found 0 plugins.
Preloading 0 native plugins for Editor in 0.00 ms.
Invoked RoslynAnalysisRunner static constructor.
RoslynAnalysisRunner will not be running.
RoslynAnalysisRunner has terminated.
Mono: successfully reloaded assembly
- Completed reload, in  0.805 seconds
Platform modules already initialized, skipping
========================================================================
Worker process is ready to serve import requests
Launched and connected shader compiler UnityShaderCompiler.exe after 0.05 seconds
Refreshing native plugins compatible for Editor in 0.17 ms, found 0 plugins.
Preloading 0 native plugins for Editor in 0.00 ms.
Unloading 1122 Unused Serialized files (Serialized files now loaded: 0)
System memory in use before: 57.2 MB.
System memory in use after: 57.2 MB.

Unloading 10 unused Assets to reduce memory usage. Loaded Objects now: 1564.
Total: 1.967100 ms (FindLiveObjects: 0.137800 ms CreateObjectMapping: 0.073000 ms MarkObjects: 1.655700 ms  DeleteObjects: 0.098500 ms)

========================================================================
Received Import Request.
  path: Assets/Editor/VoxelEditorWindow.cs
  artifactKey: Guid(e6f8e2f6f28869f459e39c27624c8514) Importer(815301076,1909f56bfc062723c751e8b465ee728b)
Start importing Assets/Editor/VoxelEditorWindow.cs using Guid(e6f8e2f6f28869f459e39c27624c8514) Importer(815301076,1909f56bfc062723c751e8b465ee728b)  -> (artifact id: '0b83d56a4400afb06b46a9a37f006efa') in 0.044365 seconds
  Import took 0.046354 seconds .

========================================================================
Received Import Request.
  Time since last request: 31.551252 seconds.
  path: Assets/Editor/Custom Inspector
  artifactKey: Guid(9708cc2b283f4bb4db547efa4e2137c8) Importer(815301076,1909f56bfc062723c751e8b465ee728b)
Start importing Assets/Editor/Custom Inspector using Guid(9708cc2b283f4bb4db547efa4e2137c8) Importer(815301076,1909f56bfc062723c751e8b465ee728b)  -> (artifact id: 'dd16862374d91171cf411119b68c56fb') in 0.009266 seconds
  Import took 0.011307 seconds .

========================================================================
Received Prepare
Registering precompiled user dll's ...
Registered in 0.000788 seconds.
Begin MonoManager ReloadAssembly
Native extension for WindowsStandalone target not found
Refreshing native plugins compatible for Editor in 0.35 ms, found 0 plugins.
Preloading 0 native plugins for Editor in 0.00 ms.
Invoked RoslynAnalysisRunner static constructor.
RoslynAnalysisRunner will not be running.
RoslynAnalysisRunner has terminated.
Mono: successfully reloaded assembly
- Completed reload, in  1.107 seconds
Platform modules already initialized, skipping
Refreshing native plugins compatible for Editor in 0.32 ms, found 0 plugins.
Preloading 0 native plugins for Editor in 0.00 ms.
Unloading 1118 Unused Serialized files (Serialized files now loaded: 0)
System memory in use before: 57.1 MB.
System memory in use after: 57.2 MB.

Unloading 5 unused Assets to reduce memory usage. Loaded Objects now: 1568.
Total: 1.768200 ms (FindLiveObjects: 0.202200 ms CreateObjectMapping: 0.057800 ms MarkObjects: 1.455800 ms  DeleteObjects: 0.051000 ms)

========================================================================
Received Import Request.
  Time since last request: 24.171599 seconds.
  path: Assets/Editor/Custom Inspector/NewBehaviourScript.cs
  artifactKey: Guid(d651d3ef122c0314b9b27d6684d7894c) Importer(815301076,1909f56bfc062723c751e8b465ee728b)
Start importing Assets/Editor/Custom Inspector/NewBehaviourScript.cs using Guid(d651d3ef122c0314b9b27d6684d7894c) Importer(815301076,1909f56bfc062723c751e8b465ee728b)  -> (artifact id: 'a3436b425c80cc3c19ee735ae01f0e27') in 0.008185 seconds
  Import took 0.010918 seconds .

========================================================================
Received Import Request.
  Time since last request: 15.872363 seconds.
  path: Assets/Editor/EditorQuit.cs
  artifactKey: Guid(e0b192e3c5b904b4fb6f0ab45fb81fca) Importer(815301076,1909f56bfc062723c751e8b465ee728b)
Start importing Assets/Editor/EditorQuit.cs using Guid(e0b192e3c5b904b4fb6f0ab45fb81fca) Importer(815301076,1909f56bfc062723c751e8b465ee728b)  -> (artifact id: '21f4c70e04c5169ad3d984a53b44e65f') in 0.012831 seconds
  Import took 0.015792 seconds .

========================================================================
Received Prepare
Registering precompiled user dll's ...
Registered in 0.000763 seconds.
Begin MonoManager ReloadAssembly
Native extension for WindowsStandalone target not found
Refreshing native plugins compatible for Editor in 0.19 ms, found 0 plugins.
Preloading 0 native plugins for Editor in 0.00 ms.
Invoked RoslynAnalysisRunner static constructor.
RoslynAnalysisRunner will not be running.
RoslynAnalysisRunner has terminated.
Mono: successfully reloaded assembly
- Completed reload, in  0.859 seconds
Platform modules already initialized, skipping
Refreshing native plugins compatible for Editor in 0.19 ms, found 0 plugins.
Preloading 0 native plugins for Editor in 0.00 ms.
Unloading 1117 Unused Serialized files (Serialized files now loaded: 0)
System memory in use before: 57.2 MB.
System memory in use after: 57.2 MB.

Unloading 5 unused Assets to reduce memory usage. Loaded Objects now: 1571.
Total: 1.400700 ms (FindLiveObjects: 0.124800 ms CreateObjectMapping: 0.034900 ms MarkObjects: 1.199500 ms  DeleteObjects: 0.040500 ms)

========================================================================
Received Import Request.
  Time since last request: 38.681771 seconds.
  path: Assets/Editor/Custom Inspector/UnusedPrefabsEditor.cs
  artifactKey: Guid(83b3b6461b966594d981490867c031d7) Importer(815301076,1909f56bfc062723c751e8b465ee728b)
Start importing Assets/Editor/Custom Inspector/UnusedPrefabsEditor.cs using Guid(83b3b6461b966594d981490867c031d7) Importer(815301076,1909f56bfc062723c751e8b465ee728b)  -> (artifact id: '7bc7ed00e19c00ff0664cbecb7752415') in 0.019457 seconds
  Import took 0.024593 seconds .

========================================================================
Received Prepare
Registering precompiled user dll's ...
Registered in 0.000495 seconds.
Begin MonoManager ReloadAssembly
Native extension for WindowsStandalone target not found
Refreshing native plugins compatible for Editor in 0.31 ms, found 0 plugins.
Preloading 0 native plugins for Editor in 0.00 ms.
Invoked RoslynAnalysisRunner static constructor.
RoslynAnalysisRunner will not be running.
RoslynAnalysisRunner has terminated.
Mono: successfully reloaded assembly
- Completed reload, in  1.139 seconds
Platform modules already initialized, skipping
Refreshing native plugins compatible for Editor in 0.23 ms, found 0 plugins.
Preloading 0 native plugins for Editor in 0.00 ms.
Unloading 1118 Unused Serialized files (Serialized files now loaded: 0)
System memory in use before: 57.2 MB.
System memory in use after: 57.3 MB.

Unloading 5 unused Assets to reduce memory usage. Loaded Objects now: 1575.
Total: 3.279400 ms (FindLiveObjects: 0.274600 ms CreateObjectMapping: 0.096100 ms MarkObjects: 2.859000 ms  DeleteObjects: 0.047900 ms)

========================================================================
Received Prepare
Registering precompiled user dll's ...
Registered in 0.000673 seconds.
Begin MonoManager ReloadAssembly
Native extension for WindowsStandalone target not found
Refreshing native plugins compatible for Editor in 0.23 ms, found 0 plugins.
Preloading 0 native plugins for Editor in 0.00 ms.
Invoked RoslynAnalysisRunner static constructor.
RoslynAnalysisRunner will not be running.
RoslynAnalysisRunner has terminated.
Mono: successfully reloaded assembly
- Completed reload, in  0.913 seconds
Platform modules already initialized, skipping
Refreshing native plugins compatible for Editor in 0.24 ms, found 0 plugins.
Preloading 0 native plugins for Editor in 0.00 ms.
Unloading 1118 Unused Serialized files (Serialized files now loaded: 0)
System memory in use before: 57.2 MB.
System memory in use after: 57.3 MB.

Unloading 5 unused Assets to reduce memory usage. Loaded Objects now: 1578.
Total: 2.754500 ms (FindLiveObjects: 0.197900 ms CreateObjectMapping: 0.052900 ms MarkObjects: 2.424000 ms  DeleteObjects: 0.077700 ms)

========================================================================
Received Import Request.
  Time since last request: 434.801085 seconds.
  path: Assets/Editor/Custom Inspector/UnusedPrefabsEditor.cs
  artifactKey: Guid(83b3b6461b966594d981490867c031d7) Importer(815301076,1909f56bfc062723c751e8b465ee728b)
Start importing Assets/Editor/Custom Inspector/UnusedPrefabsEditor.cs using Guid(83b3b6461b966594d981490867c031d7) Importer(815301076,1909f56bfc062723c751e8b465ee728b)  -> (artifact id: '7f87805d38a66ec71d7d0384255451c3') in 0.006604 seconds
  Import took 0.008885 seconds .

========================================================================
Received Prepare
Registering precompiled user dll's ...
Registered in 0.000931 seconds.
Begin MonoManager ReloadAssembly
Native extension for WindowsStandalone target not found
Refreshing native plugins compatible for Editor in 0.29 ms, found 0 plugins.
Preloading 0 native plugins for Editor in 0.00 ms.
Invoked RoslynAnalysisRunner static constructor.
RoslynAnalysisRunner will not be running.
RoslynAnalysisRunner has terminated.
Mono: successfully reloaded assembly
- Completed reload, in  0.931 seconds
Platform modules already initialized, skipping
Refreshing native plugins compatible for Editor in 0.24 ms, found 0 plugins.
Preloading 0 native plugins for Editor in 0.00 ms.
Unloading 1118 Unused Serialized files (Serialized files now loaded: 0)
System memory in use before: 57.2 MB.
System memory in use after: 57.3 MB.

Unloading 5 unused Assets to reduce memory usage. Loaded Objects now: 1581.
Total: 1.600000 ms (FindLiveObjects: 0.147800 ms CreateObjectMapping: 0.042000 ms MarkObjects: 1.349000 ms  DeleteObjects: 0.059400 ms)

========================================================================
Received Prepare
Registering precompiled user dll's ...
Registered in 0.000970 seconds.
Begin MonoManager ReloadAssembly
Native extension for WindowsStandalone target not found
Refreshing native plugins compatible for Editor in 0.20 ms, found 0 plugins.
Preloading 0 native plugins for Editor in 0.00 ms.
Invoked RoslynAnalysisRunner static constructor.
RoslynAnalysisRunner will not be running.
RoslynAnalysisRunner has terminated.
Mono: successfully reloaded assembly
- Completed reload, in  0.983 seconds
Platform modules already initialized, skipping
Refreshing native plugins compatible for Editor in 0.21 ms, found 0 plugins.
Preloading 0 native plugins for Editor in 0.00 ms.
Unloading 1118 Unused Serialized files (Serialized files now loaded: 0)
System memory in use before: 57.2 MB.
System memory in use after: 57.3 MB.

Unloading 5 unused Assets to reduce memory usage. Loaded Objects now: 1584.
Total: 1.513300 ms (FindLiveObjects: 0.154100 ms CreateObjectMapping: 0.038100 ms MarkObjects: 1.274800 ms  DeleteObjects: 0.045200 ms)

AssetImportWorkerClient::OnTransportError - code=2 error=End of file
